2022-10-24 08:19:41.165 EAT [6860] LOG:  database system was interrupted; last known up at 2022-10-22 11:34:10 EAT
2022-10-24 08:24:48.483 EAT [6860] LOG:  database system was not properly shut down; automatic recovery in progress
2022-10-24 08:24:48.662 EAT [6860] LOG:  redo starts at 0/A452B18
2022-10-24 08:24:48.667 EAT [6860] LOG:  invalid record length at 0/A452B50: wanted 24, got 0
2022-10-24 08:24:48.672 EAT [6860] LOG:  redo done at 0/A452B18
2022-10-24 08:24:49.632 EAT [6372] LOG:  database system is ready to accept connections
2022-10-24 08:46:38.926 EAT [13820] LOG:  could not receive data from client: An existing connection was forcibly closed by the remote host.
	
2022-10-24 08:46:38.932 EAT [10860] LOG:  could not receive data from client: An existing connection was forcibly closed by the remote host.
	
2022-10-24 08:46:38.937 EAT [14212] LOG:  could not receive data from client: An existing connection was forcibly closed by the remote host.
	
2022-10-24 08:46:38.938 EAT [9736] LOG:  could not receive data from client: An existing connection was forcibly closed by the remote host.
	
2022-10-24 08:46:38.943 EAT [5056] LOG:  could not receive data from client: An existing connection was forcibly closed by the remote host.
	
2022-10-24 08:46:38.952 EAT [11604] LOG:  could not receive data from client: An existing connection was forcibly closed by the remote host.
	
2022-10-24 08:46:38.953 EAT [9348] LOG:  could not receive data from client: An existing connection was forcibly closed by the remote host.
	
2022-10-24 08:46:38.954 EAT [12968] LOG:  could not receive data from client: An existing connection was forcibly closed by the remote host.
	
2022-10-24 08:46:38.967 EAT [11716] LOG:  could not receive data from client: An existing connection was forcibly closed by the remote host.
	
2022-10-24 08:53:59.190 EAT [2196] LOG:  could not receive data from client: An existing connection was forcibly closed by the remote host.
	
2022-10-24 08:53:59.197 EAT [8472] LOG:  could not receive data from client: An existing connection was forcibly closed by the remote host.
	
2022-10-24 08:53:59.203 EAT [13260] LOG:  could not receive data from client: An existing connection was forcibly closed by the remote host.
	
2022-10-24 08:53:59.208 EAT [14120] LOG:  could not receive data from client: An existing connection was forcibly closed by the remote host.
	
2022-10-24 08:53:59.213 EAT [14012] LOG:  could not receive data from client: An existing connection was forcibly closed by the remote host.
	
2022-10-24 08:53:59.217 EAT [12944] LOG:  could not receive data from client: An existing connection was forcibly closed by the remote host.
	
2022-10-24 08:53:59.221 EAT [14312] LOG:  could not receive data from client: An existing connection was forcibly closed by the remote host.
	
2022-10-24 08:53:59.224 EAT [7024] LOG:  could not receive data from client: An existing connection was forcibly closed by the remote host.
	
2022-10-24 08:53:59.226 EAT [2752] LOG:  could not receive data from client: An existing connection was forcibly closed by the remote host.
	
