2022-10-25 08:07:59.290 EAT [6756] LOG:  database system was interrupted; last known up at 2022-10-24 12:33:36 EAT
2022-10-25 08:14:49.351 EAT [6756] LOG:  database system was not properly shut down; automatic recovery in progress
2022-10-25 08:14:49.660 EAT [6756] LOG:  redo starts at 0/A7D15F8
2022-10-25 08:14:49.664 EAT [6756] LOG:  invalid record length at 0/A7D1630: wanted 24, got 0
2022-10-25 08:14:49.667 EAT [6756] LOG:  redo done at 0/A7D15F8
2022-10-25 08:14:50.732 EAT [6500] LOG:  database system is ready to accept connections
2022-10-25 08:24:03.391 EAT [13044] LOG:  could not receive data from client: An existing connection was forcibly closed by the remote host.
	
2022-10-25 08:24:03.391 EAT [5192] LOG:  could not receive data from client: An existing connection was forcibly closed by the remote host.
	
2022-10-25 08:27:00.112 EAT [3624] LOG:  could not receive data from client: An existing connection was forcibly closed by the remote host.
	
2022-10-25 08:27:00.115 EAT [7824] LOG:  could not receive data from client: An existing connection was forcibly closed by the remote host.
	
2022-10-25 10:37:05.344 EAT [14040] FATAL:  password authentication failed for user "postgres"
2022-10-25 10:37:05.344 EAT [14040] DETAIL:  Role "postgres" does not exist.
	Connection matched pg_hba.conf line 86: "host    all             all             ::1/128                 md5"
2022-10-25 10:37:22.593 EAT [8204] FATAL:  password authentication failed for user "postgres"
2022-10-25 10:37:22.593 EAT [8204] DETAIL:  Role "postgres" does not exist.
	Connection matched pg_hba.conf line 86: "host    all             all             ::1/128                 md5"
2022-10-25 10:37:38.876 EAT [3628] FATAL:  password authentication failed for user "postgres"
2022-10-25 10:37:38.876 EAT [3628] DETAIL:  Role "postgres" does not exist.
	Connection matched pg_hba.conf line 86: "host    all             all             ::1/128                 md5"
2022-10-25 10:37:58.009 EAT [11628] FATAL:  password authentication failed for user "postgres"
2022-10-25 10:37:58.009 EAT [11628] DETAIL:  Role "postgres" does not exist.
	Connection matched pg_hba.conf line 86: "host    all             all             ::1/128                 md5"
2022-10-25 10:38:20.280 EAT [10464] FATAL:  password authentication failed for user "openpg"
2022-10-25 10:38:20.280 EAT [10464] DETAIL:  Password does not match for user "openpg".
	Connection matched pg_hba.conf line 86: "host    all             all             ::1/128                 md5"
2022-10-25 10:38:23.978 EAT [9640] FATAL:  password authentication failed for user "openpg"
2022-10-25 10:38:23.978 EAT [9640] DETAIL:  Password does not match for user "openpg".
	Connection matched pg_hba.conf line 86: "host    all             all             ::1/128                 md5"
2022-10-25 10:38:37.376 EAT [10444] FATAL:  password authentication failed for user "postgres"
2022-10-25 10:38:37.376 EAT [10444] DETAIL:  Role "postgres" does not exist.
	Connection matched pg_hba.conf line 86: "host    all             all             ::1/128                 md5"
2022-10-25 10:38:44.302 EAT [11544] FATAL:  password authentication failed for user "postgres"
2022-10-25 10:38:44.302 EAT [11544] DETAIL:  Role "postgres" does not exist.
	Connection matched pg_hba.conf line 86: "host    all             all             ::1/128                 md5"
2022-10-25 10:39:19.810 EAT [12860] FATAL:  password authentication failed for user "postgres"
2022-10-25 10:39:19.810 EAT [12860] DETAIL:  Role "postgres" does not exist.
	Connection matched pg_hba.conf line 86: "host    all             all             ::1/128                 md5"
2022-10-25 13:01:07.518 EAT [9364] LOG:  could not receive data from client: An existing connection was forcibly closed by the remote host.
	
2022-10-25 13:01:07.519 EAT [10336] LOG:  could not receive data from client: An existing connection was forcibly closed by the remote host.
	
2022-10-25 15:48:19.448 EAT [13376] LOG:  could not receive data from client: An existing connection was forcibly closed by the remote host.
	
2022-10-25 15:48:19.448 EAT [4952] LOG:  could not receive data from client: An existing connection was forcibly closed by the remote host.
	
2022-10-25 17:01:15.933 EAT [14968] LOG:  could not receive data from client: An existing connection was forcibly closed by the remote host.
	
2022-10-25 17:01:15.937 EAT [14764] LOG:  could not receive data from client: An existing connection was forcibly closed by the remote host.
	
2022-10-26 09:15:39.315 EAT [12420] ERROR:  could not serialize access due to concurrent delete
2022-10-26 09:15:39.315 EAT [12420] STATEMENT:  DELETE FROM ir_attachment WHERE id IN (686)
2022-10-26 12:55:44.062 EAT [15560] LOG:  could not receive data from client: An existing connection was forcibly closed by the remote host.
	
2022-10-26 12:55:44.062 EAT [14660] LOG:  could not receive data from client: An existing connection was forcibly closed by the remote host.
	
